09-Jan-2025 15:53:27.125 INFORMACIÓN [main] org.apache.catalina.startup.VersionLoggerListener.log Nombre de la versión del servidor: Apache Tomcat/9.0.98
09-Jan-2025 15:53:27.134 INFORMACIÓN [main] org.apache.catalina.startup.VersionLoggerListener.log Server built:                      Dec 5 2024 19:50:29 UTC
09-Jan-2025 15:53:27.134 INFORMACIÓN [main] org.apache.catalina.startup.VersionLoggerListener.log Número de versión de servidor:     9.0.98.0
09-Jan-2025 15:53:27.134 INFORMACIÓN [main] org.apache.catalina.startup.VersionLoggerListener.log OS Name:                           Windows 11
09-Jan-2025 15:53:27.139 INFORMACIÓN [main] org.apache.catalina.startup.VersionLoggerListener.log Versión de Systema Operativo:      10.0
09-Jan-2025 15:53:27.139 INFORMACIÓN [main] org.apache.catalina.startup.VersionLoggerListener.log Arquitectura:                      x86
09-Jan-2025 15:53:27.139 INFORMACIÓN [main] org.apache.catalina.startup.VersionLoggerListener.log Java Home:                         C:\java\jdk8\jre
09-Jan-2025 15:53:27.140 INFORMACIÓN [main] org.apache.catalina.startup.VersionLoggerListener.log JVM Version:                       1.8.0_401-b10
09-Jan-2025 15:53:27.140 INFORMACIÓN [main] org.apache.catalina.startup.VersionLoggerListener.log Vededor JVM:                       Oracle Corporation
09-Jan-2025 15:53:27.140 INFORMACIÓN [main] org.apache.catalina.startup.VersionLoggerListener.log CATALINA_BASE:                     C:\apache\tomcat\catalina_bases\tomcat_9_catalina_base_configuration_6
09-Jan-2025 15:53:27.140 INFORMACIÓN [main] org.apache.catalina.startup.VersionLoggerListener.log CATALINA_HOME:                     C:\apache\tomcat\apache-tomcat-9.0.98
09-Jan-2025 15:53:27.141 INFORMACIÓN [main] org.apache.catalina.startup.VersionLoggerListener.log Command line argument:             -Djava.util.logging.config.file=C:\apache\tomcat\catalina_bases\tomcat_9_catalina_base_configuration_6\conf\logging.properties
09-Jan-2025 15:53:27.141 INFORMACIÓN [main] org.apache.catalina.startup.VersionLoggerListener.log Command line argument:             -Djava.util.logging.manager=org.apache.juli.ClassLoaderLogManager
09-Jan-2025 15:53:27.141 INFORMACIÓN [main] org.apache.catalina.startup.VersionLoggerListener.log Command line argument:             -Djdk.tls.ephemeralDHKeySize=2048
09-Jan-2025 15:53:27.141 INFORMACIÓN [main] org.apache.catalina.startup.VersionLoggerListener.log Command line argument:             -Djava.protocol.handler.pkgs=org.apache.catalina.webresources
09-Jan-2025 15:53:27.141 INFORMACIÓN [main] org.apache.catalina.startup.VersionLoggerListener.log Command line argument:             -Dignore.endorsed.dirs=
09-Jan-2025 15:53:27.141 INFORMACIÓN [main] org.apache.catalina.startup.VersionLoggerListener.log Command line argument:             -Dcatalina.base=C:\apache\tomcat\catalina_bases\tomcat_9_catalina_base_configuration_6
09-Jan-2025 15:53:27.142 INFORMACIÓN [main] org.apache.catalina.startup.VersionLoggerListener.log Command line argument:             -Dcatalina.home=C:\apache\tomcat\apache-tomcat-9.0.98
09-Jan-2025 15:53:27.142 INFORMACIÓN [main] org.apache.catalina.startup.VersionLoggerListener.log Command line argument:             -Djava.io.tmpdir=C:\apache\tomcat\catalina_bases\tomcat_9_catalina_base_configuration_6\temp
09-Jan-2025 15:53:27.143 INFORMACIÓN [main] org.apache.catalina.core.AprLifecycleListener.lifecycleEvent La biblioteca nativa de Apache Tomcat basada en ARP que permite un rendimiento óptimo en entornos de desarrollo no ha sido hallada en java.library.path: [C:\java\jdk8\bin;C:\Windows\Sun\Java\bin;C:\Windows\system32;C:\Windows;C:\ProgramData\Oracle\Java\javapath;C:\java\jdk8;C:\Windows\system32;C:\Windows;C:\Windows\System32\Wbem;C:\Windows\System32\WindowsPowerShell\v1.0\;C:\Windows\System32\OpenSSH\;C:\Program Files (x86)\Common Files\Oracle\Java\javapath;C:\apache\ant\apache-ant-1.10.15\bin;C:\Users\thoma\AppData\Local\Microsoft\WindowsApps;C:\java\jdk8;C:\apache\ant\apache-ant-1.10.15\bin;;.]
09-Jan-2025 15:53:27.425 INFORMACIÓN [main] org.apache.coyote.AbstractProtocol.init Inicializando el manejador de protocolo ["http-nio-8080"]

09-Jan-2025 15:53:27.441 INFORMACIÓN [main] org.apache.catalina.startup.Catalina.load Server initialization in [524] milliseconds
09-Jan-2025 15:53:27.488 INFORMACIÓN [main] org.apache.catalina.core.StandardService.startInternal Arrancando servicio [Catalina]
09-Jan-2025 15:53:27.488 INFORMACIÓN [main] org.apache.catalina.core.StandardEngine.startInternal Starting Servlet engine: [Apache Tomcat/9.0.98]
09-Jan-2025 15:53:27.504 INFORMACIÓN [main] org.apache.catalina.startup.HostConfig.deployDirectory Desplegando el directorio [C:\apache\tomcat\catalina_bases\tomcat_9_catalina_base_configuration_6\webapps\docs] de la aplicación web
09-Jan-2025 15:53:28.007 INFORMACIÓN [main] org.apache.catalina.startup.HostConfig.deployDirectory Deployment of web application directory [C:\apache\tomcat\catalina_bases\tomcat_9_catalina_base_configuration_6\webapps\docs] has finished in [488] ms
09-Jan-2025 15:53:28.007 INFORMACIÓN [main] org.apache.catalina.startup.HostConfig.deployDirectory Desplegando el directorio [C:\apache\tomcat\catalina_bases\tomcat_9_catalina_base_configuration_6\webapps\examples] de la aplicación web
09-Jan-2025 15:53:29.598 INFORMACIÓN [main] org.apache.catalina.startup.HostConfig.deployDirectory Deployment of web application directory [C:\apache\tomcat\catalina_bases\tomcat_9_catalina_base_configuration_6\webapps\examples] has finished in [1.591] ms
09-Jan-2025 15:53:29.598 INFORMACIÓN [main] org.apache.catalina.startup.HostConfig.deployDirectory Desplegando el directorio [C:\apache\tomcat\catalina_bases\tomcat_9_catalina_base_configuration_6\webapps\hello] de la aplicación web
09-Jan-2025 15:53:29.677 INFORMACIÓN [main] org.apache.catalina.startup.HostConfig.deployDirectory Deployment of web application directory [C:\apache\tomcat\catalina_bases\tomcat_9_catalina_base_configuration_6\webapps\hello] has finished in [79] ms
09-Jan-2025 15:53:29.677 INFORMACIÓN [main] org.apache.catalina.startup.HostConfig.deployDirectory Desplegando el directorio [C:\apache\tomcat\catalina_bases\tomcat_9_catalina_base_configuration_6\webapps\host-manager] de la aplicación web
09-Jan-2025 15:53:29.708 INFORMACIÓN [main] org.apache.catalina.startup.HostConfig.deployDirectory Deployment of web application directory [C:\apache\tomcat\catalina_bases\tomcat_9_catalina_base_configuration_6\webapps\host-manager] has finished in [31] ms
09-Jan-2025 15:53:29.708 INFORMACIÓN [main] org.apache.catalina.startup.HostConfig.deployDirectory Desplegando el directorio [C:\apache\tomcat\catalina_bases\tomcat_9_catalina_base_configuration_6\webapps\manager] de la aplicación web
09-Jan-2025 15:53:29.756 INFORMACIÓN [main] org.apache.catalina.startup.HostConfig.deployDirectory Deployment of web application directory [C:\apache\tomcat\catalina_bases\tomcat_9_catalina_base_configuration_6\webapps\manager] has finished in [48] ms
09-Jan-2025 15:53:29.766 INFORMACIÓN [main] org.apache.catalina.startup.HostConfig.deployDirectory Desplegando el directorio [C:\apache\tomcat\catalina_bases\tomcat_9_catalina_base_configuration_6\webapps\ROOT] de la aplicación web
09-Jan-2025 15:53:29.789 INFORMACIÓN [main] org.apache.catalina.startup.HostConfig.deployDirectory Deployment of web application directory [C:\apache\tomcat\catalina_bases\tomcat_9_catalina_base_configuration_6\webapps\ROOT] has finished in [23] ms
09-Jan-2025 15:53:29.789 INFORMACIÓN [main] org.apache.coyote.AbstractProtocol.start Starting ProtocolHandler ["http-nio-8080"]
09-Jan-2025 15:53:29.804 INFORMACIÓN [main] org.apache.catalina.startup.Catalina.start Server startup in [2361] milliseconds
09-Jan-2025 15:54:14.221 INFORMACIÓN [main] org.apache.catalina.startup.VersionLoggerListener.log Nombre de la versión del servidor: Apache Tomcat/9.0.98
09-Jan-2025 15:54:14.237 INFORMACIÓN [main] org.apache.catalina.startup.VersionLoggerListener.log Server built:                      Dec 5 2024 19:50:29 UTC
09-Jan-2025 15:54:14.237 INFORMACIÓN [main] org.apache.catalina.startup.VersionLoggerListener.log Número de versión de servidor:     9.0.98.0
09-Jan-2025 15:54:14.237 INFORMACIÓN [main] org.apache.catalina.startup.VersionLoggerListener.log OS Name:                           Windows 11
09-Jan-2025 15:54:14.237 INFORMACIÓN [main] org.apache.catalina.startup.VersionLoggerListener.log Versión de Systema Operativo:      10.0
09-Jan-2025 15:54:14.237 INFORMACIÓN [main] org.apache.catalina.startup.VersionLoggerListener.log Arquitectura:                      x86
09-Jan-2025 15:54:14.237 INFORMACIÓN [main] org.apache.catalina.startup.VersionLoggerListener.log Java Home:                         C:\java\jdk8\jre
09-Jan-2025 15:54:14.237 INFORMACIÓN [main] org.apache.catalina.startup.VersionLoggerListener.log JVM Version:                       1.8.0_401-b10
09-Jan-2025 15:54:14.237 INFORMACIÓN [main] org.apache.catalina.startup.VersionLoggerListener.log Vededor JVM:                       Oracle Corporation
09-Jan-2025 15:54:14.237 INFORMACIÓN [main] org.apache.catalina.startup.VersionLoggerListener.log CATALINA_BASE:                     C:\apache\tomcat\catalina_bases\tomcat_9_catalina_base_configuration_6
09-Jan-2025 15:54:14.237 INFORMACIÓN [main] org.apache.catalina.startup.VersionLoggerListener.log CATALINA_HOME:                     C:\apache\tomcat\apache-tomcat-9.0.98
09-Jan-2025 15:54:14.237 INFORMACIÓN [main] org.apache.catalina.startup.VersionLoggerListener.log Command line argument:             -Djava.util.logging.config.file=C:\apache\tomcat\catalina_bases\tomcat_9_catalina_base_configuration_6\conf\logging.properties
09-Jan-2025 15:54:14.237 INFORMACIÓN [main] org.apache.catalina.startup.VersionLoggerListener.log Command line argument:             -Djava.util.logging.manager=org.apache.juli.ClassLoaderLogManager
09-Jan-2025 15:54:14.237 INFORMACIÓN [main] org.apache.catalina.startup.VersionLoggerListener.log Command line argument:             -Djdk.tls.ephemeralDHKeySize=2048
09-Jan-2025 15:54:14.237 INFORMACIÓN [main] org.apache.catalina.startup.VersionLoggerListener.log Command line argument:             -Djava.protocol.handler.pkgs=org.apache.catalina.webresources
09-Jan-2025 15:54:14.237 INFORMACIÓN [main] org.apache.catalina.startup.VersionLoggerListener.log Command line argument:             -Dignore.endorsed.dirs=
09-Jan-2025 15:54:14.237 INFORMACIÓN [main] org.apache.catalina.startup.VersionLoggerListener.log Command line argument:             -Dcatalina.base=C:\apache\tomcat\catalina_bases\tomcat_9_catalina_base_configuration_6
09-Jan-2025 15:54:14.237 INFORMACIÓN [main] org.apache.catalina.startup.VersionLoggerListener.log Command line argument:             -Dcatalina.home=C:\apache\tomcat\apache-tomcat-9.0.98
09-Jan-2025 15:54:14.237 INFORMACIÓN [main] org.apache.catalina.startup.VersionLoggerListener.log Command line argument:             -Djava.io.tmpdir=C:\apache\tomcat\catalina_bases\tomcat_9_catalina_base_configuration_6\temp
09-Jan-2025 15:54:14.246 INFORMACIÓN [main] org.apache.catalina.core.AprLifecycleListener.lifecycleEvent La biblioteca nativa de Apache Tomcat basada en ARP que permite un rendimiento óptimo en entornos de desarrollo no ha sido hallada en java.library.path: [C:\java\jdk8\bin;C:\Windows\Sun\Java\bin;C:\Windows\system32;C:\Windows;C:\ProgramData\Oracle\Java\javapath;C:\java\jdk8;C:\Windows\system32;C:\Windows;C:\Windows\System32\Wbem;C:\Windows\System32\WindowsPowerShell\v1.0\;C:\Windows\System32\OpenSSH\;C:\Program Files (x86)\Common Files\Oracle\Java\javapath;C:\apache\ant\apache-ant-1.10.15\bin;C:\Users\thoma\AppData\Local\Microsoft\WindowsApps;C:\java\jdk8;C:\apache\ant\apache-ant-1.10.15\bin;;.]
09-Jan-2025 15:54:14.520 INFORMACIÓN [main] org.apache.coyote.AbstractProtocol.init Inicializando el manejador de protocolo ["http-nio-8080"]

09-Jan-2025 15:54:14.535 INFORMACIÓN [main] org.apache.catalina.startup.Catalina.load Server initialization in [487] milliseconds
09-Jan-2025 15:54:14.567 INFORMACIÓN [main] org.apache.catalina.core.StandardService.startInternal Arrancando servicio [Catalina]
09-Jan-2025 15:54:14.567 INFORMACIÓN [main] org.apache.catalina.core.StandardEngine.startInternal Starting Servlet engine: [Apache Tomcat/9.0.98]
09-Jan-2025 15:54:14.583 INFORMACIÓN [main] org.apache.catalina.startup.HostConfig.deployDirectory Desplegando el directorio [C:\apache\tomcat\catalina_bases\tomcat_9_catalina_base_configuration_6\webapps\docs] de la aplicación web
09-Jan-2025 15:54:14.868 INFORMACIÓN [main] org.apache.catalina.startup.HostConfig.deployDirectory Deployment of web application directory [C:\apache\tomcat\catalina_bases\tomcat_9_catalina_base_configuration_6\webapps\docs] has finished in [285] ms
09-Jan-2025 15:54:14.868 INFORMACIÓN [main] org.apache.catalina.startup.HostConfig.deployDirectory Desplegando el directorio [C:\apache\tomcat\catalina_bases\tomcat_9_catalina_base_configuration_6\webapps\examples] de la aplicación web
09-Jan-2025 15:54:15.148 INFORMACIÓN [main] org.apache.catalina.startup.HostConfig.deployDirectory Deployment of web application directory [C:\apache\tomcat\catalina_bases\tomcat_9_catalina_base_configuration_6\webapps\examples] has finished in [280] ms
09-Jan-2025 15:54:15.150 INFORMACIÓN [main] org.apache.catalina.startup.HostConfig.deployDirectory Desplegando el directorio [C:\apache\tomcat\catalina_bases\tomcat_9_catalina_base_configuration_6\webapps\host-manager] de la aplicación web
09-Jan-2025 15:54:15.167 INFORMACIÓN [main] org.apache.catalina.startup.HostConfig.deployDirectory Deployment of web application directory [C:\apache\tomcat\catalina_bases\tomcat_9_catalina_base_configuration_6\webapps\host-manager] has finished in [17] ms
09-Jan-2025 15:54:15.167 INFORMACIÓN [main] org.apache.catalina.startup.HostConfig.deployDirectory Desplegando el directorio [C:\apache\tomcat\catalina_bases\tomcat_9_catalina_base_configuration_6\webapps\manager] de la aplicación web
09-Jan-2025 15:54:15.182 INFORMACIÓN [main] org.apache.catalina.startup.HostConfig.deployDirectory Deployment of web application directory [C:\apache\tomcat\catalina_bases\tomcat_9_catalina_base_configuration_6\webapps\manager] has finished in [15] ms
09-Jan-2025 15:54:15.182 INFORMACIÓN [main] org.apache.catalina.startup.HostConfig.deployDirectory Desplegando el directorio [C:\apache\tomcat\catalina_bases\tomcat_9_catalina_base_configuration_6\webapps\ROOT] de la aplicación web
09-Jan-2025 15:54:15.197 INFORMACIÓN [main] org.apache.catalina.startup.HostConfig.deployDirectory Deployment of web application directory [C:\apache\tomcat\catalina_bases\tomcat_9_catalina_base_configuration_6\webapps\ROOT] has finished in [15] ms
09-Jan-2025 15:54:15.213 INFORMACIÓN [main] org.apache.coyote.AbstractProtocol.start Starting ProtocolHandler ["http-nio-8080"]
09-Jan-2025 15:54:15.228 INFORMACIÓN [main] org.apache.catalina.startup.Catalina.start Server startup in [695] milliseconds
09-Jan-2025 15:54:26.072 INFORMACIÓN [http-nio-8080-exec-1] org.apache.catalina.startup.HostConfig.deployDirectory Desplegando el directorio [C:\apache\tomcat\catalina_bases\tomcat_9_catalina_base_configuration_6\webapps\hello] de la aplicación web
09-Jan-2025 15:54:26.199 INFORMACIÓN [http-nio-8080-exec-1] org.apache.catalina.startup.HostConfig.deployDirectory Deployment of web application directory [C:\apache\tomcat\catalina_bases\tomcat_9_catalina_base_configuration_6\webapps\hello] has finished in [127] ms
09-Jan-2025 16:03:28.319 INFORMACIÓN [main] org.apache.catalina.startup.VersionLoggerListener.log Nombre de la versión del servidor: Apache Tomcat/9.0.98
09-Jan-2025 16:03:28.327 INFORMACIÓN [main] org.apache.catalina.startup.VersionLoggerListener.log Server built:                      Dec 5 2024 19:50:29 UTC
09-Jan-2025 16:03:28.327 INFORMACIÓN [main] org.apache.catalina.startup.VersionLoggerListener.log Número de versión de servidor:     9.0.98.0
09-Jan-2025 16:03:28.327 INFORMACIÓN [main] org.apache.catalina.startup.VersionLoggerListener.log OS Name:                           Windows 11
09-Jan-2025 16:03:28.327 INFORMACIÓN [main] org.apache.catalina.startup.VersionLoggerListener.log Versión de Systema Operativo:      10.0
09-Jan-2025 16:03:28.327 INFORMACIÓN [main] org.apache.catalina.startup.VersionLoggerListener.log Arquitectura:                      x86
09-Jan-2025 16:03:28.328 INFORMACIÓN [main] org.apache.catalina.startup.VersionLoggerListener.log Java Home:                         C:\java\jdk8\jre
09-Jan-2025 16:03:28.328 INFORMACIÓN [main] org.apache.catalina.startup.VersionLoggerListener.log JVM Version:                       1.8.0_401-b10
09-Jan-2025 16:03:28.328 INFORMACIÓN [main] org.apache.catalina.startup.VersionLoggerListener.log Vededor JVM:                       Oracle Corporation
09-Jan-2025 16:03:28.328 INFORMACIÓN [main] org.apache.catalina.startup.VersionLoggerListener.log CATALINA_BASE:                     C:\apache\tomcat\catalina_bases\tomcat_9_catalina_base_configuration_6
09-Jan-2025 16:03:28.328 INFORMACIÓN [main] org.apache.catalina.startup.VersionLoggerListener.log CATALINA_HOME:                     C:\apache\tomcat\apache-tomcat-9.0.98
09-Jan-2025 16:03:28.328 INFORMACIÓN [main] org.apache.catalina.startup.VersionLoggerListener.log Command line argument:             -Djava.util.logging.config.file=C:\apache\tomcat\catalina_bases\tomcat_9_catalina_base_configuration_6\conf\logging.properties
09-Jan-2025 16:03:28.328 INFORMACIÓN [main] org.apache.catalina.startup.VersionLoggerListener.log Command line argument:             -Djava.util.logging.manager=org.apache.juli.ClassLoaderLogManager
09-Jan-2025 16:03:28.328 INFORMACIÓN [main] org.apache.catalina.startup.VersionLoggerListener.log Command line argument:             -Djdk.tls.ephemeralDHKeySize=2048
09-Jan-2025 16:03:28.328 INFORMACIÓN [main] org.apache.catalina.startup.VersionLoggerListener.log Command line argument:             -Djava.protocol.handler.pkgs=org.apache.catalina.webresources
09-Jan-2025 16:03:28.328 INFORMACIÓN [main] org.apache.catalina.startup.VersionLoggerListener.log Command line argument:             -Dignore.endorsed.dirs=
09-Jan-2025 16:03:28.328 INFORMACIÓN [main] org.apache.catalina.startup.VersionLoggerListener.log Command line argument:             -Dcatalina.base=C:\apache\tomcat\catalina_bases\tomcat_9_catalina_base_configuration_6
09-Jan-2025 16:03:28.328 INFORMACIÓN [main] org.apache.catalina.startup.VersionLoggerListener.log Command line argument:             -Dcatalina.home=C:\apache\tomcat\apache-tomcat-9.0.98
09-Jan-2025 16:03:28.328 INFORMACIÓN [main] org.apache.catalina.startup.VersionLoggerListener.log Command line argument:             -Djava.io.tmpdir=C:\apache\tomcat\catalina_bases\tomcat_9_catalina_base_configuration_6\temp
09-Jan-2025 16:03:28.328 INFORMACIÓN [main] org.apache.catalina.core.AprLifecycleListener.lifecycleEvent La biblioteca nativa de Apache Tomcat basada en ARP que permite un rendimiento óptimo en entornos de desarrollo no ha sido hallada en java.library.path: [C:\java\jdk8\bin;C:\Windows\Sun\Java\bin;C:\Windows\system32;C:\Windows;C:\ProgramData\Oracle\Java\javapath;C:\java\jdk8;C:\Windows\system32;C:\Windows;C:\Windows\System32\Wbem;C:\Windows\System32\WindowsPowerShell\v1.0\;C:\Windows\System32\OpenSSH\;C:\Program Files (x86)\Common Files\Oracle\Java\javapath;C:\apache\ant\apache-ant-1.10.15\bin;C:\Users\thoma\AppData\Local\Microsoft\WindowsApps;C:\java\jdk8;C:\apache\ant\apache-ant-1.10.15\bin;;.]
09-Jan-2025 16:03:28.666 INFORMACIÓN [main] org.apache.coyote.AbstractProtocol.init Inicializando el manejador de protocolo ["http-nio-8080"]

09-Jan-2025 16:03:28.698 INFORMACIÓN [main] org.apache.catalina.startup.Catalina.load Server initialization in [536] milliseconds
09-Jan-2025 16:03:28.730 INFORMACIÓN [main] org.apache.catalina.core.StandardService.startInternal Arrancando servicio [Catalina]
09-Jan-2025 16:03:28.730 INFORMACIÓN [main] org.apache.catalina.core.StandardEngine.startInternal Starting Servlet engine: [Apache Tomcat/9.0.98]
09-Jan-2025 16:03:28.730 INFORMACIÓN [main] org.apache.catalina.startup.HostConfig.deployDirectory Desplegando el directorio [C:\apache\tomcat\catalina_bases\tomcat_9_catalina_base_configuration_6\webapps\docs] de la aplicación web
09-Jan-2025 16:03:29.075 INFORMACIÓN [main] org.apache.catalina.startup.HostConfig.deployDirectory Deployment of web application directory [C:\apache\tomcat\catalina_bases\tomcat_9_catalina_base_configuration_6\webapps\docs] has finished in [345] ms
09-Jan-2025 16:03:29.075 INFORMACIÓN [main] org.apache.catalina.startup.HostConfig.deployDirectory Desplegando el directorio [C:\apache\tomcat\catalina_bases\tomcat_9_catalina_base_configuration_6\webapps\examples] de la aplicación web
09-Jan-2025 16:03:29.342 INFORMACIÓN [main] org.apache.catalina.startup.HostConfig.deployDirectory Deployment of web application directory [C:\apache\tomcat\catalina_bases\tomcat_9_catalina_base_configuration_6\webapps\examples] has finished in [267] ms
09-Jan-2025 16:03:29.342 INFORMACIÓN [main] org.apache.catalina.startup.HostConfig.deployDirectory Desplegando el directorio [C:\apache\tomcat\catalina_bases\tomcat_9_catalina_base_configuration_6\webapps\host-manager] de la aplicación web
09-Jan-2025 16:03:29.374 INFORMACIÓN [main] org.apache.catalina.startup.HostConfig.deployDirectory Deployment of web application directory [C:\apache\tomcat\catalina_bases\tomcat_9_catalina_base_configuration_6\webapps\host-manager] has finished in [32] ms
09-Jan-2025 16:03:29.374 INFORMACIÓN [main] org.apache.catalina.startup.HostConfig.deployDirectory Desplegando el directorio [C:\apache\tomcat\catalina_bases\tomcat_9_catalina_base_configuration_6\webapps\manager] de la aplicación web
09-Jan-2025 16:03:29.390 INFORMACIÓN [main] org.apache.catalina.startup.HostConfig.deployDirectory Deployment of web application directory [C:\apache\tomcat\catalina_bases\tomcat_9_catalina_base_configuration_6\webapps\manager] has finished in [16] ms
09-Jan-2025 16:03:29.390 INFORMACIÓN [main] org.apache.catalina.startup.HostConfig.deployDirectory Desplegando el directorio [C:\apache\tomcat\catalina_bases\tomcat_9_catalina_base_configuration_6\webapps\ROOT] de la aplicación web
09-Jan-2025 16:03:29.405 INFORMACIÓN [main] org.apache.catalina.startup.HostConfig.deployDirectory Deployment of web application directory [C:\apache\tomcat\catalina_bases\tomcat_9_catalina_base_configuration_6\webapps\ROOT] has finished in [15] ms
09-Jan-2025 16:03:29.421 INFORMACIÓN [main] org.apache.coyote.AbstractProtocol.start Starting ProtocolHandler ["http-nio-8080"]
09-Jan-2025 16:03:29.429 INFORMACIÓN [main] org.apache.catalina.startup.Catalina.start Server startup in [733] milliseconds
09-Jan-2025 16:03:55.596 INFORMACIÓN [http-nio-8080-exec-1] org.apache.catalina.startup.HostConfig.deployDirectory Desplegando el directorio [C:\apache\tomcat\catalina_bases\tomcat_9_catalina_base_configuration_6\webapps\hello] de la aplicación web
09-Jan-2025 16:03:55.706 INFORMACIÓN [http-nio-8080-exec-1] org.apache.catalina.startup.HostConfig.deployDirectory Deployment of web application directory [C:\apache\tomcat\catalina_bases\tomcat_9_catalina_base_configuration_6\webapps\hello] has finished in [110] ms
09-Jan-2025 16:07:21.320 INFORMACIÓN [main] org.apache.catalina.startup.VersionLoggerListener.log Nombre de la versión del servidor: Apache Tomcat/9.0.98
09-Jan-2025 16:07:21.336 INFORMACIÓN [main] org.apache.catalina.startup.VersionLoggerListener.log Server built:                      Dec 5 2024 19:50:29 UTC
09-Jan-2025 16:07:21.336 INFORMACIÓN [main] org.apache.catalina.startup.VersionLoggerListener.log Número de versión de servidor:     9.0.98.0
09-Jan-2025 16:07:21.336 INFORMACIÓN [main] org.apache.catalina.startup.VersionLoggerListener.log OS Name:                           Windows 11
09-Jan-2025 16:07:21.336 INFORMACIÓN [main] org.apache.catalina.startup.VersionLoggerListener.log Versión de Systema Operativo:      10.0
09-Jan-2025 16:07:21.336 INFORMACIÓN [main] org.apache.catalina.startup.VersionLoggerListener.log Arquitectura:                      x86
09-Jan-2025 16:07:21.336 INFORMACIÓN [main] org.apache.catalina.startup.VersionLoggerListener.log Java Home:                         C:\java\jdk8\jre
09-Jan-2025 16:07:21.336 INFORMACIÓN [main] org.apache.catalina.startup.VersionLoggerListener.log JVM Version:                       1.8.0_401-b10
09-Jan-2025 16:07:21.336 INFORMACIÓN [main] org.apache.catalina.startup.VersionLoggerListener.log Vededor JVM:                       Oracle Corporation
09-Jan-2025 16:07:21.336 INFORMACIÓN [main] org.apache.catalina.startup.VersionLoggerListener.log CATALINA_BASE:                     C:\apache\tomcat\catalina_bases\tomcat_9_catalina_base_configuration_6
09-Jan-2025 16:07:21.336 INFORMACIÓN [main] org.apache.catalina.startup.VersionLoggerListener.log CATALINA_HOME:                     C:\apache\tomcat\apache-tomcat-9.0.98
09-Jan-2025 16:07:21.336 INFORMACIÓN [main] org.apache.catalina.startup.VersionLoggerListener.log Command line argument:             -Djava.util.logging.config.file=C:\apache\tomcat\catalina_bases\tomcat_9_catalina_base_configuration_6\conf\logging.properties
09-Jan-2025 16:07:21.336 INFORMACIÓN [main] org.apache.catalina.startup.VersionLoggerListener.log Command line argument:             -Djava.util.logging.manager=org.apache.juli.ClassLoaderLogManager
09-Jan-2025 16:07:21.336 INFORMACIÓN [main] org.apache.catalina.startup.VersionLoggerListener.log Command line argument:             -Djdk.tls.ephemeralDHKeySize=2048
09-Jan-2025 16:07:21.336 INFORMACIÓN [main] org.apache.catalina.startup.VersionLoggerListener.log Command line argument:             -Djava.protocol.handler.pkgs=org.apache.catalina.webresources
09-Jan-2025 16:07:21.336 INFORMACIÓN [main] org.apache.catalina.startup.VersionLoggerListener.log Command line argument:             -Dignore.endorsed.dirs=
09-Jan-2025 16:07:21.336 INFORMACIÓN [main] org.apache.catalina.startup.VersionLoggerListener.log Command line argument:             -Dcatalina.base=C:\apache\tomcat\catalina_bases\tomcat_9_catalina_base_configuration_6
09-Jan-2025 16:07:21.336 INFORMACIÓN [main] org.apache.catalina.startup.VersionLoggerListener.log Command line argument:             -Dcatalina.home=C:\apache\tomcat\apache-tomcat-9.0.98
09-Jan-2025 16:07:21.336 INFORMACIÓN [main] org.apache.catalina.startup.VersionLoggerListener.log Command line argument:             -Djava.io.tmpdir=C:\apache\tomcat\catalina_bases\tomcat_9_catalina_base_configuration_6\temp
09-Jan-2025 16:07:21.351 INFORMACIÓN [main] org.apache.catalina.core.AprLifecycleListener.lifecycleEvent La biblioteca nativa de Apache Tomcat basada en ARP que permite un rendimiento óptimo en entornos de desarrollo no ha sido hallada en java.library.path: [C:\java\jdk8\bin;C:\Windows\Sun\Java\bin;C:\Windows\system32;C:\Windows;C:\ProgramData\Oracle\Java\javapath;C:\java\jdk8;C:\Windows\system32;C:\Windows;C:\Windows\System32\Wbem;C:\Windows\System32\WindowsPowerShell\v1.0\;C:\Windows\System32\OpenSSH\;C:\Program Files (x86)\Common Files\Oracle\Java\javapath;C:\apache\ant\apache-ant-1.10.15\bin;C:\Users\thoma\AppData\Local\Microsoft\WindowsApps;C:\java\jdk8;C:\apache\ant\apache-ant-1.10.15\bin;;.]
09-Jan-2025 16:07:21.635 INFORMACIÓN [main] org.apache.coyote.AbstractProtocol.init Inicializando el manejador de protocolo ["http-nio-8080"]

09-Jan-2025 16:07:21.650 INFORMACIÓN [main] org.apache.catalina.startup.Catalina.load Server initialization in [470] milliseconds
09-Jan-2025 16:07:21.681 INFORMACIÓN [main] org.apache.catalina.core.StandardService.startInternal Arrancando servicio [Catalina]
09-Jan-2025 16:07:21.681 INFORMACIÓN [main] org.apache.catalina.core.StandardEngine.startInternal Starting Servlet engine: [Apache Tomcat/9.0.98]
09-Jan-2025 16:07:21.697 INFORMACIÓN [main] org.apache.catalina.startup.HostConfig.deployDirectory Desplegando el directorio [C:\apache\tomcat\catalina_bases\tomcat_9_catalina_base_configuration_6\webapps\docs] de la aplicación web
09-Jan-2025 16:07:21.997 INFORMACIÓN [main] org.apache.catalina.startup.HostConfig.deployDirectory Deployment of web application directory [C:\apache\tomcat\catalina_bases\tomcat_9_catalina_base_configuration_6\webapps\docs] has finished in [300] ms
09-Jan-2025 16:07:21.997 INFORMACIÓN [main] org.apache.catalina.startup.HostConfig.deployDirectory Desplegando el directorio [C:\apache\tomcat\catalina_bases\tomcat_9_catalina_base_configuration_6\webapps\examples] de la aplicación web
09-Jan-2025 16:07:22.249 INFORMACIÓN [main] org.apache.catalina.startup.HostConfig.deployDirectory Deployment of web application directory [C:\apache\tomcat\catalina_bases\tomcat_9_catalina_base_configuration_6\webapps\examples] has finished in [252] ms
09-Jan-2025 16:07:22.249 INFORMACIÓN [main] org.apache.catalina.startup.HostConfig.deployDirectory Desplegando el directorio [C:\apache\tomcat\catalina_bases\tomcat_9_catalina_base_configuration_6\webapps\hello] de la aplicación web
09-Jan-2025 16:07:22.280 INFORMACIÓN [main] org.apache.catalina.startup.HostConfig.deployDirectory Deployment of web application directory [C:\apache\tomcat\catalina_bases\tomcat_9_catalina_base_configuration_6\webapps\hello] has finished in [31] ms
09-Jan-2025 16:07:22.280 INFORMACIÓN [main] org.apache.catalina.startup.HostConfig.deployDirectory Desplegando el directorio [C:\apache\tomcat\catalina_bases\tomcat_9_catalina_base_configuration_6\webapps\host-manager] de la aplicación web
09-Jan-2025 16:07:22.297 INFORMACIÓN [main] org.apache.catalina.startup.HostConfig.deployDirectory Deployment of web application directory [C:\apache\tomcat\catalina_bases\tomcat_9_catalina_base_configuration_6\webapps\host-manager] has finished in [17] ms
09-Jan-2025 16:07:22.297 INFORMACIÓN [main] org.apache.catalina.startup.HostConfig.deployDirectory Desplegando el directorio [C:\apache\tomcat\catalina_bases\tomcat_9_catalina_base_configuration_6\webapps\manager] de la aplicación web
09-Jan-2025 16:07:22.328 INFORMACIÓN [main] org.apache.catalina.startup.HostConfig.deployDirectory Deployment of web application directory [C:\apache\tomcat\catalina_bases\tomcat_9_catalina_base_configuration_6\webapps\manager] has finished in [31] ms
09-Jan-2025 16:07:22.328 INFORMACIÓN [main] org.apache.catalina.startup.HostConfig.deployDirectory Desplegando el directorio [C:\apache\tomcat\catalina_bases\tomcat_9_catalina_base_configuration_6\webapps\ROOT] de la aplicación web
09-Jan-2025 16:07:22.343 INFORMACIÓN [main] org.apache.catalina.startup.HostConfig.deployDirectory Deployment of web application directory [C:\apache\tomcat\catalina_bases\tomcat_9_catalina_base_configuration_6\webapps\ROOT] has finished in [15] ms
09-Jan-2025 16:07:22.343 INFORMACIÓN [main] org.apache.coyote.AbstractProtocol.start Starting ProtocolHandler ["http-nio-8080"]
09-Jan-2025 16:07:22.359 INFORMACIÓN [main] org.apache.catalina.startup.Catalina.start Server startup in [705] milliseconds
09-Jan-2025 16:07:40.423 INFORMACIÓN [http-nio-8080-exec-3] org.apache.catalina.startup.HostConfig.undeploy Repliegue (undeploy) de la aplicación web que tiene como trayectoria de contexto [/hello]
09-Jan-2025 16:07:48.845 INFORMACIÓN [http-nio-8080-exec-2] org.apache.catalina.startup.HostConfig.deployDirectory Desplegando el directorio [C:\apache\tomcat\catalina_bases\tomcat_9_catalina_base_configuration_6\webapps\hello] de la aplicación web
09-Jan-2025 16:07:48.939 INFORMACIÓN [http-nio-8080-exec-2] org.apache.catalina.startup.HostConfig.deployDirectory Deployment of web application directory [C:\apache\tomcat\catalina_bases\tomcat_9_catalina_base_configuration_6\webapps\hello] has finished in [94] ms
09-Jan-2025 16:07:53.068 INFORMACIÓN [http-nio-8080-exec-1] org.apache.catalina.core.StandardContext.reload Ha comenzado la recarga de Contexto [/hello]
09-Jan-2025 16:07:53.162 INFORMACIÓN [http-nio-8080-exec-1] org.apache.catalina.core.StandardContext.reload Se ha completado la recarga de este Contexto
